<?xml version="1.0" encoding="UTF-8"?>
<coverage generated="1654636352667" clover="3.2.0">
  <project timestamp="1654636352667" name="All files">
    <metrics statements="3" coveredstatements="2" conditionals="4" coveredconditionals="2" methods="2" coveredmethods="1" elements="9" coveredelements="5" complexity="0" loc="3" ncloc="3" packages="1" files="1" classes="1"/>
    <file name="user.js" path="/home/kiboma/WorkSpace/Microverse/JavaScript-Testing-with-Jest/user.js">
      <metrics statements="3" coveredstatements="2" conditionals="4" coveredconditionals="2" methods="2" coveredmethods="1"/>
      <line num="3" count="2" type="cond" truecount="2" falsecount="0"/>
      <line num="6" count="0" type="cond" truecount="0" falsecount="2"/>
      <line num="10" count="1" type="stmt"/>
    </file>
  </project>
</coverage>
