{"/home/kiboma/WorkSpace/Microverse/JavaScript-Testing-with-Jest/user.js": {"path":"/home/kiboma/WorkSpace/Microverse/JavaScript-Testing-with-Jest/user.js","statementMap":{"0":{"start":{"line":3,"column":6},"end":{"line":3,"column":45}},"1":{"start":{"line":6,"column":6},"end":{"line":6,"column":47}},"2":{"start":{"line":10,"column":0},"end":{"line":10,"column":22}}},"fnMap":{"0":{"name":"(anonymous_0)","decl":{"start":{"line":2,"column":4},"end":{"line":2,"column":5}},"loc":{"start":{"line":2,"column":20},"end":{"line":4,"column":5}},"line":2},"1":{"name":"(anonymous_1)","decl":{"start":{"line":5,"column":4},"end":{"line":5,"column":5}},"loc":{"start":{"line":5,"column":20},"end":{"line":7,"column":5}},"line":5}},"branchMap":{"0":{"loc":{"start":{"line":3,"column":25},"end":{"line":3,"column":43}},"type":"binary-expr","locations":[{"start":{"line":3,"column":25},"end":{"line":3,"column":29}},{"start":{"line":3,"column":33},"end":{"line":3,"column":43}}],"line":3},"1":{"loc":{"start":{"line":6,"column":27},"end":{"line":6,"column":45}},"type":"binary-expr","locations":[{"start":{"line":6,"column":27},"end":{"line":6,"column":31}},{"start":{"line":6,"column":35},"end":{"line":6,"column":45}}],"line":6}},"s":{"0":2,"1":0,"2":1},"f":{"0":2,"1":0},"b":{"0":[2,1],"1":[0,0]},"_coverageSchema":"1a1c01bbd47fc00a2c39e90264f33305004495a9","hash":"21202561f03f1fec2f77a055180639a467163419"}
}
